c:\users\user\documents\visual studio 2013\projects\consoleapplication2\consoleapplication2\debug\consoleapplication2.pch
c:\users\user\documents\visual studio 2013\projects\consoleapplication2\consoleapplication2\debug\vc120.pdb
c:\users\user\documents\visual studio 2013\projects\consoleapplication2\consoleapplication2\debug\stdafx.obj
c:\users\user\documents\visual studio 2013\projects\consoleapplication2\consoleapplication2\debug\myform.obj
c:\users\user\documents\visual studio 2013\projects\consoleapplication2\consoleapplication2\debug\consoleapplication2.obj
c:\users\user\documents\visual studio 2013\projects\consoleapplication2\consoleapplication2\debug\assemblyinfo.obj
c:\users\user\documents\visual studio 2013\projects\consoleapplication2\consoleapplication2\debug\.netframework,version=v4.5.assemblyattributes.obj
c:\users\user\documents\visual studio 2013\projects\consoleapplication2\consoleapplication2\debug\consoleapplication2.myform.resources
c:\users\user\documents\visual studio 2013\projects\consoleapplication2\debug\consoleapplication2.exe
c:\users\user\documents\visual studio 2013\projects\consoleapplication2\debug\consoleapplication2.pdb
c:\users\user\documents\visual studio 2013\projects\consoleapplication2\consoleapplication2\debug\app.res
c:\users\user\documents\visual studio 2013\projects\consoleapplication2\consoleapplication2\debug\consoleapplication2.vcxproj.generateresource.cache
c:\users\user\documents\visual studio 2013\projects\consoleapplication2\consoleapplication2\debug\consoleapplication2.vcxprojresolveassemblyreference.cache
c:\users\user\documents\visual studio 2013\projects\consoleapplication2\consoleapplication2\debug\consolea.57b57ffc.tlog\cl.command.1.tlog
c:\users\user\documents\visual studio 2013\projects\consoleapplication2\consoleapplication2\debug\consolea.57b57ffc.tlog\cl.read.1.tlog
c:\users\user\documents\visual studio 2013\projects\consoleapplication2\consoleapplication2\debug\consolea.57b57ffc.tlog\cl.write.1.tlog
c:\users\user\documents\visual studio 2013\projects\consoleapplication2\consoleapplication2\debug\consolea.57b57ffc.tlog\consoleapplication2.write.1u.tlog
c:\users\user\documents\visual studio 2013\projects\consoleapplication2\consoleapplication2\debug\consolea.57b57ffc.tlog\link.command.1.tlog
c:\users\user\documents\visual studio 2013\projects\consoleapplication2\consoleapplication2\debug\consolea.57b57ffc.tlog\link.read.1.tlog
c:\users\user\documents\visual studio 2013\projects\consoleapplication2\consoleapplication2\debug\consolea.57b57ffc.tlog\link.write.1.tlog
c:\users\user\documents\visual studio 2013\projects\consoleapplication2\consoleapplication2\debug\consolea.57b57ffc.tlog\metagen.read.1.tlog
c:\users\user\documents\visual studio 2013\projects\consoleapplication2\consoleapplication2\debug\consolea.57b57ffc.tlog\metagen.write.1.tlog
c:\users\user\documents\visual studio 2013\projects\consoleapplication2\consoleapplication2\debug\consolea.57b57ffc.tlog\rc.command.1.tlog
c:\users\user\documents\visual studio 2013\projects\consoleapplication2\consoleapplication2\debug\consolea.57b57ffc.tlog\rc.read.1.tlog
c:\users\user\documents\visual studio 2013\projects\consoleapplication2\consoleapplication2\debug\consolea.57b57ffc.tlog\rc.write.1.tlog
c:\users\user\documents\visual studio 2013\projects\consoleapplication2\consoleapplication2\debug\consolea.57b57ffc.tlog\rsaenh.dll.bi
c:\users\user\documents\visual studio 2013\projects\consoleapplication2\consoleapplication2\debug\consolea.57b57ffc.tlog\tzres.dll.bi
